Flow report for 2ASK
Sat Feb 22 16:50:47 2025
Quartus II 64-Bit Version 13.0.1 Build 232 06/12/2013 Service Pack 1 SJ Full Version


---------------------
; Table of Contents ;
---------------------
  1. Legal Notice
  2. Flow Summary
  3. Flow Settings
  4. Flow Non-Default Global Settings
  5. Flow Elapsed Time
  6. Flow OS Summary
  7. Flow Log
  8. Flow Messages
  9. Flow Suppressed Messages



----------------
; Legal Notice ;
----------------
Copyright (C) 1991-2013 Altera Corporation
Your use of Altera Corporation's design tools, logic functions 
and other software and tools, and its AMPP partner logic 
functions, and any output files from any of the foregoing 
(including device programming or simulation files), and any 
associated documentation or information are expressly subject 
to the terms and conditions of the Altera Program License 
Subscription Agreement, Altera MegaCore Function License 
Agreement, or other applicable license agreement, including, 
without limitation, that your use is for the sole purpose of 
programming logic devices manufactured by Altera and sold by 
Altera or its authorized distributors.  Please refer to the 
applicable agreement for further details.



+---------------------------------------------------------------------------------------+
; Flow Summary                                                                          ;
+------------------------------------+--------------------------------------------------+
; Flow Status                        ; Successful - Sat Feb 22 16:50:47 2025            ;
; Quartus II 64-Bit Version          ; 13.0.1 Build 232 06/12/2013 SP 1 SJ Full Version ;
; Revision Name                      ; 2ASK                                             ;
; Top-level Entity Name              ; top_double_ask                                   ;
; Family                             ; Cyclone IV E                                     ;
; Device                             ; EP4CE10F17C8                                     ;
; Timing Models                      ; Final                                            ;
; Total logic elements               ; 704 / 10,320 ( 7 % )                             ;
;     Total combinational functions  ; 690 / 10,320 ( 7 % )                             ;
;     Dedicated logic registers      ; 124 / 10,320 ( 1 % )                             ;
; Total registers                    ; 124                                              ;
; Total pins                         ; 20 / 180 ( 11 % )                                ;
; Total virtual pins                 ; 0                                                ;
; Total memory bits                  ; 0 / 423,936 ( 0 % )                              ;
; Embedded Multiplier 9-bit elements ; 0 / 46 ( 0 % )                                   ;
; Total PLLs                         ; 0 / 2 ( 0 % )                                    ;
+------------------------------------+--------------------------------------------------+


+-----------------------------------------+
; Flow Settings                           ;
+-------------------+---------------------+
; Option            ; Setting             ;
+-------------------+---------------------+
; Start date & time ; 02/22/2025 16:50:36 ;
; Main task         ; Compilation         ;
; Revision Name     ; 2ASK                ;
+-------------------+---------------------+


+--------------------------------------------------------------------------------------------------------------------------------------+
; Flow Non-Default Global Settings                                                                                                     ;
+--------------------------------------+---------------------------------------+---------------+----------------+----------------------+
; Assignment Name                      ; Value                                 ; Default Value ; Entity Name    ; Section Id           ;
+--------------------------------------+---------------------------------------+---------------+----------------+----------------------+
; COMPILER_SIGNATURE_ID                ; 381409747409.174021423632984          ; --            ; --             ; --                   ;
; EDA_DESIGN_INSTANCE_NAME             ; NA                                    ; --            ; --             ; tb_sine_lut          ;
; EDA_DESIGN_INSTANCE_NAME             ; NA                                    ; --            ; --             ; tb_double_ask_tx_top ;
; EDA_DESIGN_INSTANCE_NAME             ; NA                                    ; --            ; --             ; tb_lowpass_filter    ;
; EDA_DESIGN_INSTANCE_NAME             ; NA                                    ; --            ; --             ; tb_top_double_ask    ;
; EDA_NATIVELINK_SIMULATION_TEST_BENCH ; tb_top_double_ask                     ; --            ; --             ; eda_simulation       ;
; EDA_OUTPUT_DATA_FORMAT               ; Verilog Hdl                           ; --            ; --             ; eda_simulation       ;
; EDA_SIMULATION_TOOL                  ; ModelSim (Verilog)                    ; <None>        ; --             ; --                   ;
; EDA_TEST_BENCH_ENABLE_STATUS         ; TEST_BENCH_MODE                       ; --            ; --             ; eda_simulation       ;
; EDA_TEST_BENCH_FILE                  ; ../sim/tb_sine_lut.v                  ; --            ; --             ; tb_sine_lut          ;
; EDA_TEST_BENCH_FILE                  ; ../sim/tb_double_ask_tx_top.v         ; --            ; --             ; tb_double_ask_tx_top ;
; EDA_TEST_BENCH_FILE                  ; ../sim/tb_lowpass_filter.v            ; --            ; --             ; tb_lowpass_filter    ;
; EDA_TEST_BENCH_FILE                  ; ../rtl/sine_lut.v                     ; --            ; --             ; tb_lowpass_filter    ;
; EDA_TEST_BENCH_FILE                  ; ../rtl/sine_lut_5Mhz.v                ; --            ; --             ; tb_lowpass_filter    ;
; EDA_TEST_BENCH_FILE                  ; ../rtl/LowPassFilter_10MHz_50M.v      ; --            ; --             ; tb_lowpass_filter    ;
; EDA_TEST_BENCH_FILE                  ; ../sim/tb_top_double_ask.v            ; --            ; --             ; tb_top_double_ask    ;
; EDA_TEST_BENCH_MODULE_NAME           ; tb_sine_lut                           ; --            ; --             ; tb_sine_lut          ;
; EDA_TEST_BENCH_MODULE_NAME           ; tb_double_ask_tx_top                  ; --            ; --             ; tb_double_ask_tx_top ;
; EDA_TEST_BENCH_MODULE_NAME           ; tb_lowpass_filter                     ; --            ; --             ; tb_lowpass_filter    ;
; EDA_TEST_BENCH_MODULE_NAME           ; tb_top_double_ask                     ; --            ; --             ; tb_top_double_ask    ;
; EDA_TEST_BENCH_NAME                  ; tb_sine_lut                           ; --            ; --             ; eda_simulation       ;
; EDA_TEST_BENCH_NAME                  ; tb_double_ask_tx_top                  ; --            ; --             ; eda_simulation       ;
; EDA_TEST_BENCH_NAME                  ; tb_lowpass_filter                     ; --            ; --             ; eda_simulation       ;
; EDA_TEST_BENCH_NAME                  ; tb_top_double_ask                     ; --            ; --             ; eda_simulation       ;
; EDA_TEST_BENCH_RUN_SIM_FOR           ; 1 us                                  ; --            ; --             ; tb_sine_lut          ;
; EDA_TEST_BENCH_RUN_SIM_FOR           ; 1 us                                  ; --            ; --             ; tb_double_ask_tx_top ;
; EDA_TEST_BENCH_RUN_SIM_FOR           ; 1 us                                  ; --            ; --             ; tb_lowpass_filter    ;
; EDA_TEST_BENCH_RUN_SIM_FOR           ; 1 us                                  ; --            ; --             ; tb_top_double_ask    ;
; EDA_TIME_SCALE                       ; 1 ps                                  ; --            ; --             ; eda_simulation       ;
; MAX_CORE_JUNCTION_TEMP               ; 85                                    ; --            ; --             ; --                   ;
; MIN_CORE_JUNCTION_TEMP               ; 0                                     ; --            ; --             ; --                   ;
; NOMINAL_CORE_SUPPLY_VOLTAGE          ; 1.2V                                  ; --            ; --             ; --                   ;
; PARTITION_COLOR                      ; 16764057                              ; --            ; top_double_ask ; Top                  ;
; PARTITION_FITTER_PRESERVATION_LEVEL  ; PLACEMENT_AND_ROUTING                 ; --            ; top_double_ask ; Top                  ;
; PARTITION_NETLIST_TYPE               ; SOURCE                                ; --            ; top_double_ask ; Top                  ;
; POWER_BOARD_THERMAL_MODEL            ; None (CONSERVATIVE)                   ; --            ; --             ; --                   ;
; POWER_PRESET_COOLING_SOLUTION        ; 23 MM HEAT SINK WITH 200 LFPM AIRFLOW ; --            ; --             ; --                   ;
; PROJECT_OUTPUT_DIRECTORY             ; output_files                          ; --            ; --             ; --                   ;
; TOP_LEVEL_ENTITY                     ; top_double_ask                        ; 2ASK          ; --             ; --                   ;
+--------------------------------------+---------------------------------------+---------------+----------------+----------------------+


+-------------------------------------------------------------------------------------------------------------------------------+
; Flow Elapsed Time                                                                                                             ;
+---------------------------+--------------+-------------------------+---------------------+------------------------------------+
; Module Name               ; Elapsed Time ; Average Processors Used ; Peak Virtual Memory ; Total CPU Time (on all processors) ;
+---------------------------+--------------+-------------------------+---------------------+------------------------------------+
; Analysis & Synthesis      ; 00:00:01     ; 1.0                     ; 4650 MB             ; 00:00:01                           ;
; Fitter                    ; 00:00:04     ; 4.3                     ; 5881 MB             ; 00:00:07                           ;
; Assembler                 ; 00:00:01     ; 1.0                     ; 4550 MB             ; 00:00:01                           ;
; TimeQuest Timing Analyzer ; 00:00:02     ; 1.0                     ; 4710 MB             ; 00:00:01                           ;
; EDA Netlist Writer        ; 00:00:00     ; 1.0                     ; 4532 MB             ; 00:00:01                           ;
; Total                     ; 00:00:08     ; --                      ; --                  ; 00:00:11                           ;
+---------------------------+--------------+-------------------------+---------------------+------------------------------------+


+----------------------------------------------------------------------------------------+
; Flow OS Summary                                                                        ;
+---------------------------+------------------+-----------+------------+----------------+
; Module Name               ; Machine Hostname ; OS Name   ; OS Version ; Processor type ;
+---------------------------+------------------+-----------+------------+----------------+
; Analysis & Synthesis      ; 1137578          ; Windows 7 ; 6.2        ; x86_64         ;
; Fitter                    ; 1137578          ; Windows 7 ; 6.2        ; x86_64         ;
; Assembler                 ; 1137578          ; Windows 7 ; 6.2        ; x86_64         ;
; TimeQuest Timing Analyzer ; 1137578          ; Windows 7 ; 6.2        ; x86_64         ;
; EDA Netlist Writer        ; 1137578          ; Windows 7 ; 6.2        ; x86_64         ;
+---------------------------+------------------+-----------+------------+----------------+


------------
; Flow Log ;
------------
quartus_map --read_settings_files=on --write_settings_files=off 2ASK -c 2ASK
quartus_fit --read_settings_files=off --write_settings_files=off 2ASK -c 2ASK
quartus_asm --read_settings_files=off --write_settings_files=off 2ASK -c 2ASK
quartus_sta 2ASK -c 2ASK
quartus_eda --read_settings_files=off --write_settings_files=off 2ASK -c 2ASK



